Imported 19_JG1-ITS-2 as CasavaOneEightSingleLanePerSampleDirFmt to demux-single-end.qza
Saved Visualization to: demux-single-end.qzv
Saved SampleData[SequencesWithQuality] to: demux-single-end-trimmed.qza
Saved Visualization to: demux-single-end-trimmed.qzv
Saved FeatureTable[Frequency] to: table.qza
Saved FeatureData[Sequence] to: rep-seqs.qza
Saved SampleData[DADA2Stats] to: stats-dada2.qza
Saved Visualization to: stats-dada2.qzv
Saved Visualization to: table.qzv
Saved Visualization to: rep-seqs.qzv
Saved FeatureData[AlignedSequence] to: aligned-rep-seqs.qza
Saved FeatureData[AlignedSequence] to: masked-aligned-rep-seqs.qza
Saved Phylogeny[Unrooted] to: unrooted-tree.qza
Saved Phylogeny[Rooted] to: rooted-tree.qza
Saved FeatureTable[Composition] to: comp-table.qza
Saved FeatureTable[Frequency] to: core-metrics/rarefied_table.qza
Saved SampleData[AlphaDiversity] % Properties('phylogenetic') to: core-metrics/faith_pd_vector.qza
Saved SampleData[AlphaDiversity] to: core-metrics/observed_otus_vector.qza
Saved SampleData[AlphaDiversity] to: core-metrics/shannon_vector.qza
Saved SampleData[AlphaDiversity] to: core-metrics/evenness_vector.qza
Saved DistanceMatrix % Properties('phylogenetic') to: core-metrics/unweighted_unifrac_distance_matrix.qza
Saved DistanceMatrix % Properties('phylogenetic') to: core-metrics/weighted_unifrac_distance_matrix.qza
Saved DistanceMatrix to: core-metrics/jaccard_distance_matrix.qza
Saved DistanceMatrix to: core-metrics/bray_curtis_distance_matrix.qza
Saved PCoAResults to: core-metrics/unweighted_unifrac_pcoa_results.qza
Saved PCoAResults to: core-metrics/weighted_unifrac_pcoa_results.qza
Saved PCoAResults to: core-metrics/jaccard_pcoa_results.qza
Saved PCoAResults to: core-metrics/bray_curtis_pcoa_results.qza
Saved Visualization to: core-metrics/unweighted_unifrac_emperor.qzv
Saved Visualization to: core-metrics/weighted_unifrac_emperor.qzv
Saved Visualization to: core-metrics/jaccard_emperor.qzv
Saved Visualization to: core-metrics/bray_curtis_emperor.qzv
Saved Visualization to: alpha-rarefaction.qzv
Saved Visualization to: weighted-unifrac-emperor.qzv
Saved Visualization to: bray-curtis-emperor.qzv
Saved FeatureData[Taxonomy] to: taxonomy.qza
Saved Visualization to: taxonomy.qzv
Saved FeatureTable[Frequency] to: table-l6.qza
Saved FeatureTable[Composition] to: comp-table-l6.qza
Saved FeatureTable[Frequency] to: table-l7.qza
Saved FeatureTable[Composition] to: comp-table-l7.qza
Saved Visualization to: taxa-bar-plots.qzv
Saved Visualization to: evenness-group-significance.qzv
Saved Visualization to: faith-pd-group-significance.qzv
Saved Visualization to: bray-curtis-Pool-significance.qzv
Saved Visualization to: weighted-unifrac-Pool-significance.qzv
Saved Visualization to: unweighted-unifrac-Pool-significance.qzv
Saved Visualization to: l6-ancom-Pool.qzv
Saved Visualization to: l7-ancom-Pool.qzv
Saved Visualization to: l6-ancom-Lifestage.qzv
Saved Visualization to: l7-ancom-Lifestage.qzv
Saved Visualization to: l6-ancom-Breed.qzv
Saved Visualization to: l7-ancom-Breed.qzv
Saved Visualization to: weighted-unifrac-AltSex-significance.qzv
Saved Visualization to: bray-curtis-AltSex-significance.qzv
Saved Visualization to: unweighted-unifrac-AltSex-significance.qzv
Saved Visualization to: l6-ancom-AltSex.qzv
Saved Visualization to: l7-ancom-AltSex.qzv
Saved Visualization to: unweighted-unifrac-Sex-significance.qzv
Saved Visualization to: bray-curtis-Sex-significance.qzv
Saved Visualization to: weighted-unifrac-Sex-significance.qzv
Saved Visualization to: l6-ancom-Sex.qzv
Saved Visualization to: l7-ancom-Sex.qzv
Saved Visualization to: bray-curtis-Alt-significance.qzv
Saved Visualization to: weighted-unifrac-Alt-significance.qzv
Saved Visualization to: unweighted-unifrac-Alt-significance.qzv
Saved Visualization to: l6-ancom-Alt.qzv
Saved Visualization to: l7-ancom-Alt.qzv
Saved Visualization to: bray-curtis-FormofCollection-significance.qzv
Saved Visualization to: weighted-unifrac-FormofCollection-significance.qzv
Saved Visualization to: unweighted-unifrac-FormofCollection-significance.qzv
Saved Visualization to: l6-ancom-FormofCollection.qzv
Saved Visualization to: l7-ancom-FormofCollection.qzv
Saved Visualization to: unweighted-unifrac-PCRResults-significance.qzv
Saved Visualization to: bray-curtis-PCRResults-significance.qzv
Saved Visualization to: weighted-unifrac-PCRResults-significance.qzv
Saved Visualization to: l6-ancom-PCRResults.qzv
Saved Visualization to: l7-ancom-PCRResults.qzv
Saved Visualization to: weighted-unifrac-Clinicalsigns-significance.qzv
Saved Visualization to: bray-curtis-Clinicalsigns-significance.qzv
Saved Visualization to: unweighted-unifrac-Clinicalsigns-significance.qzv
Saved Visualization to: l6-ancom-Clinicalsigns.qzv
Saved Visualization to: l7-ancom-Clinicalsigns.qzv
Saved Visualization to: weighted-unifrac-PCRClinicalsigns-significance.qzv
Saved Visualization to: bray-curtis-PCRClinicalsigns-significance.qzv
Saved Visualization to: unweighted-unifrac-PCRClinicalsigns-significance.qzv
Saved Visualization to: l6-ancom-PCRClinicalsigns.qzv
Saved Visualization to: l7-ancom-PCRClinicalsigns.qzv
Saved Visualization to: bray-curtis-Treatmentany-significance.qzv
Saved Visualization to: weighted-unifrac-Treatmentany-significance.qzv
Saved Visualization to: unweighted-unifrac-Treatmentany-significance.qzv
Saved Visualization to: l6-ancom-Treatmentany.qzv
Saved Visualization to: l7-ancom-Treatmentany.qzv
Saved Visualization to: unweighted-unifrac-Treatmentdiet-significance.qzv
Saved Visualization to: weighted-unifrac-Treatmentdiet-significance.qzv
Saved Visualization to: bray-curtis-Treatmentdiet-significance.qzv
Saved Visualization to: l6-ancom-Treatmentdiet.qzv
Saved Visualization to: l7-ancom-Treatmentdiet.qzv
Saved Visualization to: weighted-unifrac-Treatmentprobiotic-significance.qzv
Saved Visualization to: bray-curtis-Treatmentprobiotic-significance.qzv
Saved Visualization to: unweighted-unifrac-Treatmentprobiotic-significance.qzv
Saved Visualization to: l6-ancom-Treatmentprobiotic.qzv
Saved Visualization to: l7-ancom-Treatmentprobiotic.qzv
Saved Visualization to: unweighted-unifrac-Treatmentsteroid-significance.qzv
Saved Visualization to: bray-curtis-Treatmentsteroid-significance.qzv
Saved Visualization to: weighted-unifrac-Treatmentsteroid-significance.qzv
Saved Visualization to: l6-ancom-Treatmentsteroid.qzv
Saved Visualization to: l7-ancom-Treatmentsteroid.qzv
Saved Visualization to: l6-ancom-Treatmentchlorambucil.qzv
Saved Visualization to: l7-ancom-Treatmentchlorambucil.qzv
Saved Visualization to: l6-ancom-Treatmentsupplement.qzv
Saved Visualization to: l7-ancom-Treatmentsupplement.qzv
